<?xml version="1.0" encoding="UTF-8"?>
<testsuite name="DirectedGraphTest" tests="5" skipped="0" failures="0" errors="0" timestamp="2021-12-02T19:29:30" hostname="DESKTOP-FFIPGV5" time="0.512">
  <properties/>
  <testcase name="bigRandomGraph()" classname="DirectedGraphTest" time="0.507"/>
  <testcase name="addEdge()" classname="DirectedGraphTest" time="0.002"/>
  <testcase name="addNode()" classname="DirectedGraphTest" time="0.0"/>
  <testcase name="removeEdge()" classname="DirectedGraphTest" time="0.0"/>
  <testcase name="deleteNode()" classname="DirectedGraphTest" time="0.001"/>
  <system-out><![CDATA[Seed number 1
totalTime 499
]]></system-out>
  <system-err><![CDATA[]]></system-err>
</testsuite>
